
  #  C:\WINDOWS\system32\cmd.exe[12272]: std::shared_ptr<InitializationResultImpl> __cdecl node::InitializeOncePerProcessInternal(const std::vector<std::string> &, ProcessInitializationFlags::Flags) at src\node.cc:1221
  #  Assertion failed: ncrypto::CSPRNG(nullptr, 0)

----- Native stack trace -----

 1: 00007FF7DBF736CA DSA_meth_get_flags+197082
 2: 00007FF7DBFD0676 node::InitializeOncePerProcess+2790
 3: 00007FF7DBFD175C node::Start+156
 4: 00007FF7DCFEE942 AES_cbc_encrypt+2546
 5: 00007FF7DDE639B4 v8::base::UnsignedDivisionByConstant<unsigned __int64>+2833316
 6: 00007FFF21E5E957 BaseThreadInitThunk+23
 7: 00007FFF238E7C1C RtlUserThreadStart+44

  #  C:\WINDOWS\system32\cmd.exe[12256]: std::shared_ptr<InitializationResultImpl> __cdecl node::InitializeOncePerProcessInternal(const std::vector<std::string> &, ProcessInitializationFlags::Flags) at src\node.cc:1221
  #  Assertion failed: ncrypto::CSPRNG(nullptr, 0)

----- Native stack trace -----

 1: 00007FF7DBF736CA DSA_meth_get_flags+197082
 2: 00007FF7DBFD0676 node::InitializeOncePerProcess+2790
 3: 00007FF7DBFD175C node::Start+156
 4: 00007FF7DCFEE942 AES_cbc_encrypt+2546
 5: 00007FF7DDE639B4 v8::base::UnsignedDivisionByConstant<unsigned __int64>+2833316
 6: 00007FFF21E5E957 BaseThreadInitThunk+23
 7: 00007FFF238E7C1C RtlUserThreadStart+44
